<?xml version="1.0" encoding="UTF-8"?>
<TestRun id="772dac73-086c-4ab0-ab8b-d8c5be9c1faa" name="archita.dash@HMECL000075 2013-06-24 14:21:11" runUser="HAPPIESTMINDS\archita.dash" xmlns="http://microsoft.com/schemas/VisualStudio/TeamTest/2010">
  <TestSettings name="Local" id="9c9b22bf-864f-4736-9407-d65064e39659">
    <Description>These are default test settings for a local test run.</Description>
    <Deployment enabled="false" runDeploymentRoot="archita.dash_HMECL000075 2013-06-24 14_21_11">
      <DeploymentItem filename="D:\GitHub\CloudPOC\CloudPOC.RestAPI\bin\Thrift.dll" />
      <DeploymentItem filename="D:\GitHub\CloudPOC\Aquiles.Core\bin\Debug\Aquiles.Core.dll" />
      <DeploymentItem filename="D:\GitHub\CloudPOC\Aquiles.Cassandra10\bin\Debug\Aquiles.Cassandra10.dll" />
      <DeploymentItem filename="D:\GitHub\CloudPOC\CloudPOC.WindowsService\bin\Debug\DemoService.Scheduler.exe" />
      <DeploymentItem filename="D:\GitHub\CloudPOC\CloudPOC.WindowsService\bin\Debug\RabbitMQ.Client.dll" />
    </Deployment>
    <Execution>
      <TestTypeSpecific />
      <AgentRule name="Execution Agents">
      </AgentRule>
    </Execution>
  </TestSettings>
  <Times creation="2013-06-24T14:21:11.3382581+05:30" queuing="2013-06-24T14:21:12.2203463+05:30" start="2013-06-24T14:21:12.3503593+05:30" finish="2013-06-24T14:21:25.0076249+05:30" />
  <ResultSummary outcome="Error">
    <Counters total="1" executed="1" error="0" failed="0" timeout="0" aborted="1" inconclusive="0" passedButRunAborted="0" notRunnable="0" notExecuted="0" disconnected="0" warning="0" passed="0" completed="0" inProgress="0" pending="0" />
    <RunInfos>
      <RunInfo computerName="HMECL000075" outcome="Warning" timestamp="2013-06-24T14:21:11.3732616+05:30">
        <Text>Deployment is currently disabled. The deployment item 'DemoService.Scheduler.exe' on test 'Service.Scheduler.Tests.ProcessDataTest.CheckIfFileExistsTest' was not deployed.</Text>
      </RunInfo>
      <RunInfo computerName="HMECL000075" outcome="Error" timestamp="2013-06-24T14:21:25.0056247+05:30">
        <Text>Test host process exited unexpectedly.</Text>
      </RunInfo>
    </RunInfos>
  </ResultSummary>
  <TestDefinitions>
    <UnitTest name="CheckIfFileExistsTest" storage="d:\github\cloudpoc\service.scheduler.tests\bin\debug\service.scheduler.tests.dll" id="754d7093-446f-21d7-2596-321642faf9c1">
      <DeploymentItems>
        <DeploymentItem filename="DemoService.Scheduler.exe" />
      </DeploymentItems>
      <Execution id="006cec12-66a3-4b71-a394-b94c9b4f4cab" />
      <TestMethod codeBase="D:/GitHub/CloudPOC/Service.Scheduler.Tests/bin/Debug/Service.Scheduler.Tests.DLL" adapterTypeName="Microsoft.VisualStudio.TestTools.TestTypes.Unit.UnitTestAdapter, Microsoft.VisualStudio.QualityTools.Tips.UnitTest.Adapter, Version=10.0.0.0, Culture=neutral, PublicKeyToken=b03f5f7f11d50a3a" className="Service.Scheduler.Tests.ProcessDataTest, Service.Scheduler.Tests, Version=1.0.0.0, Culture=neutral, PublicKeyToken=null" name="CheckIfFileExistsTest" />
    </UnitTest>
  </TestDefinitions>
  <TestLists>
    <TestList name="Results Not in a List" id="8c84fa94-04c1-424b-9868-57a2d4851a1d" />
    <TestList name="All Loaded Results" id="19431567-8539-422a-85d7-44ee4e166bda" />
  </TestLists>
  <TestEntries>
    <TestEntry testId="754d7093-446f-21d7-2596-321642faf9c1" executionId="006cec12-66a3-4b71-a394-b94c9b4f4cab" testListId="8c84fa94-04c1-424b-9868-57a2d4851a1d" />
  </TestEntries>
  <Results>
    <UnitTestResult executionId="006cec12-66a3-4b71-a394-b94c9b4f4cab" testId="754d7093-446f-21d7-2596-321642faf9c1" testName="CheckIfFileExistsTest" computerName="HMECL000075" duration="00:00:12.5342533" startTime="2013-06-24T14:21:12.4733716+05:30" endTime="2013-06-24T14:21:25.0076249+05:30" testType="13cdc9d9-ddb5-4fa4-a97d-d965ccfc6d4b" outcome="Aborted" testListId="8c84fa94-04c1-424b-9868-57a2d4851a1d" relativeResultsDirectory="006cec12-66a3-4b71-a394-b94c9b4f4cab">
    </UnitTestResult>
  </Results>
</TestRun>