<?xml version="1.0" encoding="UTF-8"?>
<TestRun id="47279652-810d-4134-a97f-93e495313f45" name="archita.dash@HMECL000075 2013-06-24 15:05:32" runUser="HAPPIESTMINDS\archita.dash" xmlns="http://microsoft.com/schemas/VisualStudio/TeamTest/2010">
  <TestSettings name="Local" id="9c9b22bf-864f-4736-9407-d65064e39659">
    <Description>These are default test settings for a local test run.</Description>
    <Deployment enabled="false" runDeploymentRoot="archita.dash_HMECL000075 2013-06-24 15_05_32">
      <DeploymentItem filename="D:\GitHub\CloudPOC\CloudPOC.RestAPI\bin\Thrift.dll" />
      <DeploymentItem filename="D:\GitHub\CloudPOC\Aquiles.Core\bin\Debug\Aquiles.Core.dll" />
      <DeploymentItem filename="D:\GitHub\CloudPOC\Aquiles.Cassandra10\bin\Debug\Aquiles.Cassandra10.dll" />
      <DeploymentItem filename="D:\GitHub\CloudPOC\CloudPOC.WindowsService\bin\Debug\DemoService.Scheduler.exe" />
      <DeploymentItem filename="D:\GitHub\CloudPOC\CloudPOC.WindowsService\bin\Debug\RabbitMQ.Client.dll" />
    </Deployment>
    <Execution>
      <TestTypeSpecific />
      <AgentRule name="Execution Agents">
      </AgentRule>
    </Execution>
  </TestSettings>
  <Times creation="2013-06-24T15:05:32.3833360+05:30" queuing="2013-06-24T15:05:33.4374414+05:30" start="2013-06-24T15:05:33.5534530+05:30" finish="2013-06-24T15:06:22.0803052+05:30" />
  <ResultSummary outcome="Error">
    <Counters total="1" executed="1" error="0" failed="0" timeout="0" aborted="1" inconclusive="0" passedButRunAborted="0" notRunnable="0" notExecuted="0" disconnected="0" warning="0" passed="0" completed="0" inProgress="0" pending="0" />
    <RunInfos>
      <RunInfo computerName="HMECL000075" outcome="Warning" timestamp="2013-06-24T15:05:32.4233400+05:30">
        <Text>Deployment is currently disabled. The deployment item 'DemoService.Scheduler.exe' on test 'Service.Scheduler.Tests.SchedulerTest.ComputeScheduleTimeTest' was not deployed.</Text>
      </RunInfo>
      <RunInfo computerName="HMECL000075" outcome="Error" timestamp="2013-06-24T15:06:22.0793051+05:30">
        <Text>Test host process exited unexpectedly.</Text>
      </RunInfo>
    </RunInfos>
  </ResultSummary>
  <TestDefinitions>
    <UnitTest name="ComputeScheduleTimeTest" storage="d:\github\cloudpoc\service.scheduler.tests\bin\debug\service.scheduler.tests.dll" id="6f0c99e2-c03e-c181-97c8-a06fdb0444ed">
      <DeploymentItems>
        <DeploymentItem filename="DemoService.Scheduler.exe" />
      </DeploymentItems>
      <Execution id="45d6eaaa-37a1-4f1d-9013-9988ed768e02" />
      <TestMethod codeBase="D:/GitHub/CloudPOC/Service.Scheduler.Tests/bin/Debug/Service.Scheduler.Tests.DLL" adapterTypeName="Microsoft.VisualStudio.TestTools.TestTypes.Unit.UnitTestAdapter, Microsoft.VisualStudio.QualityTools.Tips.UnitTest.Adapter, Version=10.0.0.0, Culture=neutral, PublicKeyToken=b03f5f7f11d50a3a" className="Service.Scheduler.Tests.SchedulerTest, Service.Scheduler.Tests, Version=1.0.0.0, Culture=neutral, PublicKeyToken=null" name="ComputeScheduleTimeTest" />
    </UnitTest>
  </TestDefinitions>
  <TestLists>
    <TestList name="Results Not in a List" id="8c84fa94-04c1-424b-9868-57a2d4851a1d" />
    <TestList name="All Loaded Results" id="19431567-8539-422a-85d7-44ee4e166bda" />
  </TestLists>
  <TestEntries>
    <TestEntry testId="6f0c99e2-c03e-c181-97c8-a06fdb0444ed" executionId="45d6eaaa-37a1-4f1d-9013-9988ed768e02" testListId="8c84fa94-04c1-424b-9868-57a2d4851a1d" />
  </TestEntries>
  <Results>
    <UnitTestResult executionId="45d6eaaa-37a1-4f1d-9013-9988ed768e02" testId="6f0c99e2-c03e-c181-97c8-a06fdb0444ed" testName="ComputeScheduleTimeTest" computerName="HMECL000075" duration="00:00:48.4338429" startTime="2013-06-24T15:05:33.6464623+05:30" endTime="2013-06-24T15:06:22.0803052+05:30" testType="13cdc9d9-ddb5-4fa4-a97d-d965ccfc6d4b" outcome="Aborted" testListId="8c84fa94-04c1-424b-9868-57a2d4851a1d" relativeResultsDirectory="45d6eaaa-37a1-4f1d-9013-9988ed768e02">
    </UnitTestResult>
  </Results>
</TestRun>