<?xml version="1.0" encoding="UTF-8"?>
<TestRun id="8aafcc04-661d-414c-85e5-2469c3c07eb6" name="archita.dash@HMECL000075 2013-06-24 13:14:25" runUser="HAPPIESTMINDS\archita.dash" xmlns="http://microsoft.com/schemas/VisualStudio/TeamTest/2010">
  <TestSettings name="Local" id="9c9b22bf-864f-4736-9407-d65064e39659">
    <Description>These are default test settings for a local test run.</Description>
    <Deployment enabled="false" runDeploymentRoot="archita.dash_HMECL000075 2013-06-24 13_14_25">
      <DeploymentItem filename="D:\GitHub\CloudPOC\CloudPOC.RestAPI\bin\Thrift.dll" />
      <DeploymentItem filename="D:\GitHub\CloudPOC\CloudPOC.WindowsService\bin\Debug\RabbitMQ.Client.dll" />
      <DeploymentItem filename="D:\GitHub\CloudPOC\Aquiles.Cassandra10\bin\Debug\Aquiles.Cassandra10.dll" />
      <DeploymentItem filename="D:\GitHub\CloudPOC\CloudPOC.WindowsService\bin\Debug\DemoService.Scheduler.exe" />
      <DeploymentItem filename="D:\GitHub\CloudPOC\Aquiles.Core\bin\Debug\Aquiles.Core.dll" />
    </Deployment>
    <Execution>
      <TestTypeSpecific />
      <AgentRule name="Execution Agents">
      </AgentRule>
    </Execution>
  </TestSettings>
  <Times creation="2013-06-24T13:14:25.7917576+05:30" queuing="2013-06-24T13:14:26.5778362+05:30" start="2013-06-24T13:14:26.7668551+05:30" finish="2013-06-24T13:14:39.2621045+05:30" />
  <ResultSummary outcome="Warning">
    <Counters total="1" executed="1" passed="1" error="0" failed="0" timeout="0" aborted="0" inconclusive="0" passedButRunAborted="0" notRunnable="0" notExecuted="0" disconnected="0" warning="0" completed="0" inProgress="0" pending="0" />
    <RunInfos>
      <RunInfo computerName="HMECL000075" outcome="Warning" timestamp="2013-06-24T13:14:26.1627947+05:30">
        <Text>Deployment is currently disabled. The deployment item 'DemoService.Scheduler.exe' on test 'Service.Scheduler.Tests.ProcessDataTest.InitiateDownloadTest' was not deployed.</Text>
      </RunInfo>
    </RunInfos>
  </ResultSummary>
  <TestDefinitions>
    <UnitTest name="InitiateDownloadTest" storage="d:\github\cloudpoc\service.scheduler.tests\bin\debug\service.scheduler.tests.dll" id="afbebdf0-150c-446f-c5ed-abd616e744e3">
      <DeploymentItems>
        <DeploymentItem filename="DemoService.Scheduler.exe" />
      </DeploymentItems>
      <Execution id="60652905-cd07-4a8e-9b76-898cbf9930a5" />
      <TestMethod codeBase="D:/GitHub/CloudPOC/Service.Scheduler.Tests/bin/Debug/Service.Scheduler.Tests.DLL" adapterTypeName="Microsoft.VisualStudio.TestTools.TestTypes.Unit.UnitTestAdapter, Microsoft.VisualStudio.QualityTools.Tips.UnitTest.Adapter, Version=10.0.0.0, Culture=neutral, PublicKeyToken=b03f5f7f11d50a3a" className="Service.Scheduler.Tests.ProcessDataTest, Service.Scheduler.Tests, Version=1.0.0.0, Culture=neutral, PublicKeyToken=null" name="InitiateDownloadTest" />
    </UnitTest>
  </TestDefinitions>
  <TestLists>
    <TestList name="Results Not in a List" id="8c84fa94-04c1-424b-9868-57a2d4851a1d" />
    <TestList name="All Loaded Results" id="19431567-8539-422a-85d7-44ee4e166bda" />
  </TestLists>
  <TestEntries>
    <TestEntry testId="afbebdf0-150c-446f-c5ed-abd616e744e3" executionId="60652905-cd07-4a8e-9b76-898cbf9930a5" testListId="8c84fa94-04c1-424b-9868-57a2d4851a1d" />
  </TestEntries>
  <Results>
    <UnitTestResult executionId="60652905-cd07-4a8e-9b76-898cbf9930a5" testId="afbebdf0-150c-446f-c5ed-abd616e744e3" testName="InitiateDownloadTest" computerName="HMECL000075" duration="00:00:12.0706395" startTime="2013-06-24T13:14:26.8308615+05:30" endTime="2013-06-24T13:14:39.1700953+05:30" testType="13cdc9d9-ddb5-4fa4-a97d-d965ccfc6d4b" outcome="Passed" testListId="8c84fa94-04c1-424b-9868-57a2d4851a1d" relativeResultsDirectory="60652905-cd07-4a8e-9b76-898cbf9930a5">
    </UnitTestResult>
  </Results>
</TestRun>