<?xml version="1.0" encoding="UTF-8"?>
<TestRun id="b961a5cb-b1aa-4115-88ce-980674644275" name="archita.dash@HMECL000075 2013-06-24 15:33:38" runUser="HAPPIESTMINDS\archita.dash" xmlns="http://microsoft.com/schemas/VisualStudio/TeamTest/2010">
  <TestSettings name="Local" id="9c9b22bf-864f-4736-9407-d65064e39659">
    <Description>These are default test settings for a local test run.</Description>
    <Deployment enabled="false" runDeploymentRoot="archita.dash_HMECL000075 2013-06-24 15_33_38">
      <DeploymentItem filename="D:\GitHub\CloudPOC\CloudPOC.RestAPI\bin\Thrift.dll" />
      <DeploymentItem filename="D:\GitHub\CloudPOC\Aquiles.Core\bin\Debug\Aquiles.Core.dll" />
      <DeploymentItem filename="D:\GitHub\CloudPOC\Aquiles.Cassandra10\bin\Debug\Aquiles.Cassandra10.dll" />
      <DeploymentItem filename="D:\GitHub\CloudPOC\CloudPOC.WindowsService\bin\Debug\DemoService.Scheduler.exe" />
      <DeploymentItem filename="D:\GitHub\CloudPOC\CloudPOC.WindowsService\bin\Debug\RabbitMQ.Client.dll" />
    </Deployment>
    <Execution>
      <TestTypeSpecific />
      <AgentRule name="Execution Agents">
      </AgentRule>
    </Execution>
  </TestSettings>
  <Times creation="2013-06-24T15:33:38.6959222+05:30" queuing="2013-06-24T15:33:38.9179444+05:30" start="2013-06-24T15:33:38.9499476+05:30" finish="2013-06-24T15:33:39.2429769+05:30" />
  <ResultSummary outcome="Warning">
    <Counters total="1" executed="1" passed="1" error="0" failed="0" timeout="0" aborted="0" inconclusive="0" passedButRunAborted="0" notRunnable="0" notExecuted="0" disconnected="0" warning="0" completed="0" inProgress="0" pending="0" />
    <RunInfos>
      <RunInfo computerName="HMECL000075" outcome="Warning" timestamp="2013-06-24T15:33:38.7399266+05:30">
        <Text>Deployment is currently disabled. The deployment item 'DemoService.Scheduler.exe' on test 'Service.Scheduler.Tests.ProcessDataTest.CheckCassandraIsRunningTest' was not deployed.</Text>
      </RunInfo>
    </RunInfos>
  </ResultSummary>
  <TestDefinitions>
    <UnitTest name="CheckCassandraIsRunningTest" storage="d:\github\cloudpoc\service.scheduler.tests\bin\debug\service.scheduler.tests.dll" id="a8ded039-12f7-d5eb-7a39-c15b686adfbe">
      <DeploymentItems>
        <DeploymentItem filename="DemoService.Scheduler.exe" />
      </DeploymentItems>
      <Execution id="52a4ad5d-05f3-4e75-bb87-035ff8b0941a" />
      <TestMethod codeBase="D:/GitHub/CloudPOC/Service.Scheduler.Tests/bin/Debug/Service.Scheduler.Tests.DLL" adapterTypeName="Microsoft.VisualStudio.TestTools.TestTypes.Unit.UnitTestAdapter, Microsoft.VisualStudio.QualityTools.Tips.UnitTest.Adapter, Version=10.0.0.0, Culture=neutral, PublicKeyToken=b03f5f7f11d50a3a" className="Service.Scheduler.Tests.ProcessDataTest, Service.Scheduler.Tests, Version=1.0.0.0, Culture=neutral, PublicKeyToken=null" name="CheckCassandraIsRunningTest" />
    </UnitTest>
  </TestDefinitions>
  <TestLists>
    <TestList name="Results Not in a List" id="8c84fa94-04c1-424b-9868-57a2d4851a1d" />
    <TestList name="All Loaded Results" id="19431567-8539-422a-85d7-44ee4e166bda" />
  </TestLists>
  <TestEntries>
    <TestEntry testId="a8ded039-12f7-d5eb-7a39-c15b686adfbe" executionId="52a4ad5d-05f3-4e75-bb87-035ff8b0941a" testListId="8c84fa94-04c1-424b-9868-57a2d4851a1d" />
  </TestEntries>
  <Results>
    <UnitTestResult executionId="52a4ad5d-05f3-4e75-bb87-035ff8b0941a" testId="a8ded039-12f7-d5eb-7a39-c15b686adfbe" testName="CheckCassandraIsRunningTest" computerName="HMECL000075" duration="00:00:00.0324459" startTime="2013-06-24T15:33:38.9589485+05:30" endTime="2013-06-24T15:33:39.2189745+05:30" testType="13cdc9d9-ddb5-4fa4-a97d-d965ccfc6d4b" outcome="Passed" testListId="8c84fa94-04c1-424b-9868-57a2d4851a1d" relativeResultsDirectory="52a4ad5d-05f3-4e75-bb87-035ff8b0941a">
    </UnitTestResult>
  </Results>
</TestRun>