<?xml version="1.0" encoding="UTF-8"?>
<TestRun id="272e4a71-ead5-447c-9d45-61058e41cc5f" name="archita.dash@HMECL000075 2013-06-24 14:07:32" runUser="HAPPIESTMINDS\archita.dash" xmlns="http://microsoft.com/schemas/VisualStudio/TeamTest/2010">
  <TestSettings name="Local" id="9c9b22bf-864f-4736-9407-d65064e39659">
    <Description>These are default test settings for a local test run.</Description>
    <Deployment enabled="false" runDeploymentRoot="archita.dash_HMECL000075 2013-06-24 14_07_32">
      <DeploymentItem filename="D:\GitHub\CloudPOC\CloudPOC.RestAPI\bin\Thrift.dll" />
      <DeploymentItem filename="D:\GitHub\CloudPOC\Aquiles.Core\bin\Debug\Aquiles.Core.dll" />
      <DeploymentItem filename="D:\GitHub\CloudPOC\Aquiles.Cassandra10\bin\Debug\Aquiles.Cassandra10.dll" />
      <DeploymentItem filename="D:\GitHub\CloudPOC\CloudPOC.WindowsService\bin\Debug\DemoService.Scheduler.exe" />
      <DeploymentItem filename="D:\GitHub\CloudPOC\CloudPOC.WindowsService\bin\Debug\RabbitMQ.Client.dll" />
    </Deployment>
    <Execution>
      <TestTypeSpecific />
      <AgentRule name="Execution Agents">
      </AgentRule>
    </Execution>
  </TestSettings>
  <Times creation="2013-06-24T14:07:32.0972384+05:30" queuing="2013-06-24T14:07:35.7023196+05:30" start="2013-06-24T14:07:35.8283574+05:30" finish="2013-06-24T14:07:43.4466422+05:30" />
  <ResultSummary outcome="Failed">
    <Counters total="1" executed="1" error="0" failed="1" timeout="0" aborted="0" inconclusive="0" passedButRunAborted="0" notRunnable="0" notExecuted="0" disconnected="0" warning="0" passed="0" completed="0" inProgress="0" pending="0" />
    <RunInfos>
      <RunInfo computerName="HMECL000075" outcome="Warning" timestamp="2013-06-24T14:07:32.1342495+05:30">
        <Text>Deployment is currently disabled. The deployment item 'DemoService.Scheduler.exe' on test 'Service.Scheduler.Tests.ProcessDataTest.InitiateDownloadTest_NoURL' was not deployed.</Text>
      </RunInfo>
    </RunInfos>
  </ResultSummary>
  <TestDefinitions>
    <UnitTest name="InitiateDownloadTest_NoURL" storage="d:\github\cloudpoc\service.scheduler.tests\bin\debug\service.scheduler.tests.dll" id="b7d83297-11c2-3fa0-7b19-4b6cc358da32">
      <DeploymentItems>
        <DeploymentItem filename="DemoService.Scheduler.exe" />
      </DeploymentItems>
      <Execution id="94fcd08b-b158-43a9-a103-2a28c2245843" />
      <TestMethod codeBase="D:/GitHub/CloudPOC/Service.Scheduler.Tests/bin/Debug/Service.Scheduler.Tests.DLL" adapterTypeName="Microsoft.VisualStudio.TestTools.TestTypes.Unit.UnitTestAdapter, Microsoft.VisualStudio.QualityTools.Tips.UnitTest.Adapter, Version=10.0.0.0, Culture=neutral, PublicKeyToken=b03f5f7f11d50a3a" className="Service.Scheduler.Tests.ProcessDataTest, Service.Scheduler.Tests, Version=1.0.0.0, Culture=neutral, PublicKeyToken=null" name="InitiateDownloadTest_NoURL" />
    </UnitTest>
  </TestDefinitions>
  <TestLists>
    <TestList name="Results Not in a List" id="8c84fa94-04c1-424b-9868-57a2d4851a1d" />
    <TestList name="All Loaded Results" id="19431567-8539-422a-85d7-44ee4e166bda" />
  </TestLists>
  <TestEntries>
    <TestEntry testId="b7d83297-11c2-3fa0-7b19-4b6cc358da32" executionId="94fcd08b-b158-43a9-a103-2a28c2245843" testListId="8c84fa94-04c1-424b-9868-57a2d4851a1d" />
  </TestEntries>
  <Results>
    <UnitTestResult executionId="94fcd08b-b158-43a9-a103-2a28c2245843" testId="b7d83297-11c2-3fa0-7b19-4b6cc358da32" testName="InitiateDownloadTest_NoURL" computerName="HMECL000075" duration="00:00:05.8069467" startTime="2013-06-24T14:07:35.9553955+05:30" endTime="2013-06-24T14:07:43.3876245+05:30" testType="13cdc9d9-ddb5-4fa4-a97d-d965ccfc6d4b" outcome="Failed" testListId="8c84fa94-04c1-424b-9868-57a2d4851a1d" relativeResultsDirectory="94fcd08b-b158-43a9-a103-2a28c2245843">
      <Output>
        <ErrorInfo>
          <Message>Test method Service.Scheduler.Tests.ProcessDataTest.InitiateDownloadTest_NoURL threw exception: 
System.UriFormatException: Invalid URI: The URI is empty.</Message>
          <StackTrace>    at System.Uri.CreateThis(String uri, Boolean dontEscape, UriKind uriKind)
   at System.Uri..ctor(String uriString)
   at Service.Scheduler.Tests.ProcessDataTest.InitiateDownloadTest_NoURL() in D:\GitHub\CloudPOC\Service.Scheduler.Tests\ProcessDataTest.cs:line 116
</StackTrace>
        </ErrorInfo>
      </Output>
    </UnitTestResult>
  </Results>
</TestRun>